<?xml version="1.0" encoding="utf-8"?><testsuites><testsuite name="pytest" errors="0" failures="0" skipped="0" tests="18" time="7.998" timestamp="2024-11-21T12:23:40.389492-03:00" hostname="raphael_santos"><testcase classname="unit_tests.test_incremental_streams" name="test_cursor_field" time="0.001" /><testcase classname="unit_tests.test_incremental_streams" name="test_get_updated_state" time="0.001" /><testcase classname="unit_tests.test_incremental_streams" name="test_stream_slices" time="0.001" /><testcase classname="unit_tests.test_incremental_streams" name="test_supports_incremental" time="0.001" /><testcase classname="unit_tests.test_incremental_streams" name="test_source_defined_cursor" time="0.001" /><testcase classname="unit_tests.test_incremental_streams" name="test_stream_checkpoint_interval" time="0.001" /><testcase classname="unit_tests.test_source" name="test_check_connection" time="0.001" /><testcase classname="unit_tests.test_source" name="test_streams" time="0.001" /><testcase classname="unit_tests.test_streams" name="test_request_params" time="0.001" /><testcase classname="unit_tests.test_streams" name="test_next_page_token" time="0.001" /><testcase classname="unit_tests.test_streams" name="test_parse_response" time="0.001" /><testcase classname="unit_tests.test_streams" name="test_request_headers" time="0.001" /><testcase classname="unit_tests.test_streams" name="test_http_method" time="0.001" /><testcase classname="unit_tests.test_streams" name="test_should_retry[HTTPStatus.OK-False]" time="0.002" /><testcase classname="unit_tests.test_streams" name="test_should_retry[HTTPStatus.BAD_REQUEST-False]" time="0.001" /><testcase classname="unit_tests.test_streams" name="test_should_retry[HTTPStatus.TOO_MANY_REQUESTS-True]" time="0.001" /><testcase classname="unit_tests.test_streams" name="test_should_retry[HTTPStatus.INTERNAL_SERVER_ERROR-True]" time="0.002" /><testcase classname="unit_tests.test_streams" name="test_backoff_time" time="0.001" /></testsuite></testsuites>